<?xml version="1.0" encoding="UTF-8"?>
<!-- Generated by org.testng.reporters.JUnitXMLReporter -->
<testsuite ignored="2" hostname="DESKTOP-40CLLRO" failures="0" tests="5" name="Car Loan" time="0.026" errors="0" timestamp="2021-04-19T11:04:47 CEST">
  <testcase classname="test.Day3" name="mobileLoginCarLoan" time="0.003"/>
  <testcase classname="test.Day3" name="mobileSigoutCarLoan" time="0.0"/>
  <testcase classname="test.Day3" name="mobileSigoutCarLoan" time="0.001"/>
  <testcase classname="test.Day3" name="mobileSigoutCarLoan" time="0.001"/>
  <testcase classname="test.Day3" name="webLoginCarLoan" time="0.001"/>
  <testcase classname="test.Day3" name="mobileSiginCarLoan" time="0.0">
    <ignored/>
  </testcase> <!-- mobileSiginCarLoan -->
  <testcase classname="test.Day3" name="APICarLoan" time="0.0">
    <ignored/>
  </testcase> <!-- APICarLoan -->
</testsuite> <!-- Car Loan -->
