<?xml version="1.0" encoding="UTF-8"?>
<!-- Generated by org.testng.reporters.JUnitXMLReporter -->
<testsuite ignored="3" hostname="DESKTOP-40CLLRO" failures="0" tests="8" name="Regression" time="0.029" errors="0" timestamp="2021-04-15T10:38:00 CEST">
  <testcase classname="test.Day1" name="demo" time="0.003"/>
  <testcase classname="test.Day1" name="demo2" time="0.001"/>
  <testcase classname="test.Day3" name="aPICarLoan" time="0.0"/>
  <testcase classname="test.Day3" name="mobileSiginCarLoan" time="0.001"/>
  <testcase classname="test.Day3" name="mobileSigoutCarLoan" time="0.001"/>
  <testcase classname="test.Day3" name="webLoginCarLoan" time="0.0"/>
  <testcase classname="test.Day4" name="loginAPIHomeLoan" time="0.0"/>
  <testcase classname="test.Day4" name="webLoginHomeLoan" time="0.0"/>
  <testcase classname="test.Day2" name="plan" time="0.0">
    <ignored/>
  </testcase> <!-- plan -->
  <testcase classname="test.Day3" name="mobileLoginCarLoan" time="0.0">
    <ignored/>
  </testcase> <!-- mobileLoginCarLoan -->
  <testcase classname="test.Day4" name="mobileLoginHomeLoan" time="0.0">
    <ignored/>
  </testcase> <!-- mobileLoginHomeLoan -->
</testsuite> <!-- Regression -->
